TN:
SF:/Users/shay/WebstormProjects/test/node/cellphones/func.js
FN:5,distance
FN:33,findclosestantenna
FN:52,phase1
FN:53,(anonymous_4)
FN:90,phase2
FN:91,(anonymous_6)
FN:167,copyarray
FN:176,findroute
FN:207,(anonymous_9)
FN:225,validantennasinrange
FN:250,phase3
FN:252,(anonymous_12)
FN:289,phase4initializepoint
FN:298,phase4
FN:301,(anonymous_15)
FN:364,isneighbour
FN:371,tryupdateorrelief
FN:379,findnextminimumpoint
FN:389,dijekstra
FN:405,routep1top22
FN:418,routep1top2
FN:429,getminroute
FN:433,check
FN:437,a
FNF:24
FNH:21
FNDA:57,distance
FNDA:2,findclosestantenna
FNDA:2,phase1
FNDA:2,(anonymous_4)
FNDA:2,phase2
FNDA:2,(anonymous_6)
FNDA:2,copyarray
FNDA:1,findroute
FNDA:0,(anonymous_9)
FNDA:4,validantennasinrange
FNDA:3,phase3
FNDA:3,(anonymous_12)
FNDA:3,phase4initializepoint
FNDA:2,phase4
FNDA:2,(anonymous_15)
FNDA:7,isneighbour
FNDA:4,tryupdateorrelief
FNDA:3,findnextminimumpoint
FNDA:3,dijekstra
FNDA:0,routep1top22
FNDA:4,routep1top2
FNDA:1,getminroute
FNDA:0,check
FNDA:1,a
DA:1,1
DA:2,1
DA:3,1
DA:5,1
DA:7,57
DA:8,57
DA:9,57
DA:10,57
DA:11,57
DA:12,18
DA:13,18
DA:16,39
DA:17,39
DA:19,57
DA:20,48
DA:21,48
DA:24,9
DA:25,9
DA:27,57
DA:28,7
DA:32,50
DA:37,1
DA:38,2
DA:39,7
DA:40,0
DA:41,0
DA:43,7
DA:44,6
DA:45,6
DA:46,1
DA:47,1
DA:49,6
DA:50,5
DA:51,5
DA:56,1
DA:57,2
DA:58,2
DA:60,0
DA:61,0
DA:62,0
DA:66,2
DA:67,2
DA:68,2
DA:69,2
DA:70,1
DA:71,1
DA:72,1
DA:75,1
DA:76,1
DA:80,1
DA:81,0
DA:84,0
DA:85,0
DA:86,0
DA:89,0
DA:90,0
DA:91,0
DA:97,1
DA:98,2
DA:99,2
DA:101,0
DA:102,0
DA:103,0
DA:107,2
DA:109,2
DA:111,2
DA:113,2
DA:115,2
DA:116,1
DA:118,0
DA:119,0
DA:122,1
DA:123,0
DA:128,0
DA:129,0
DA:130,0
DA:133,0
DA:134,0
DA:136,0
DA:137,0
DA:143,1
DA:145,0
DA:147,1
DA:149,1
DA:150,1
DA:151,1
DA:154,0
DA:155,0
DA:157,0
DA:158,0
DA:159,0
DA:164,0
DA:165,0
DA:166,0
DA:174,1
DA:175,1
DA:177,1
DA:178,2
DA:179,2
DA:180,5
DA:182,2
DA:186,1
DA:188,1
DA:189,1
DA:190,0
DA:192,1
DA:194,1
DA:197,1
DA:199,1
DA:202,0
DA:204,1
DA:205,1
DA:206,1
DA:207,1
DA:209,0
DA:210,0
DA:212,0
DA:215,0
DA:218,0
DA:219,0
DA:222,0
DA:223,0
DA:224,0
DA:227,0
DA:228,0
DA:231,0
DA:234,0
DA:237,1
DA:238,4
DA:240,4
DA:241,4
DA:243,20
DA:244,0
DA:246,20
DA:247,5
DA:253,0
DA:254,0
DA:255,0
DA:259,4
DA:262,1
DA:264,3
DA:265,3
DA:267,0
DA:268,0
DA:269,0
DA:272,3
DA:273,3
DA:275,3
DA:276,3
DA:279,3
DA:281,3
DA:284,0
DA:285,0
DA:288,3
DA:289,3
DA:290,3
DA:291,2
DA:293,0
DA:294,0
DA:295,0
DA:297,0
DA:302,1
DA:303,3
DA:304,3
DA:305,3
DA:306,3
DA:307,3
DA:308,3
DA:309,3
DA:311,1
DA:314,2
DA:316,2
DA:318,0
DA:319,0
DA:320,0
DA:323,2
DA:325,2
DA:326,2
DA:327,0
DA:328,0
DA:329,0
DA:330,0
DA:333,0
DA:334,0
DA:335,0
DA:339,2
DA:340,2
DA:341,2
DA:343,2
DA:344,5
DA:345,0
DA:346,0
DA:348,5
DA:349,5
DA:350,5
DA:351,5
DA:352,5
DA:354,2
DA:355,2
DA:356,2
DA:357,2
DA:360,1
DA:362,0
DA:365,1
DA:367,1
DA:368,0
DA:369,0
DA:370,0
DA:373,1
DA:374,1
DA:381,1
DA:382,7
DA:383,3
DA:385,3
DA:388,1
DA:390,4
DA:391,1
DA:392,1
DA:393,1
DA:396,1
DA:397,3
DA:398,3
DA:399,9
DA:400,3
DA:403,3
DA:406,1
DA:407,3
DA:410,5
DA:411,2
DA:414,2
DA:416,2
DA:417,2
DA:418,1
DA:423,1
DA:424,0
DA:425,0
DA:427,0
DA:429,0
DA:431,0
DA:433,0
DA:436,1
DA:437,4
DA:438,1
DA:440,3
DA:441,3
DA:442,3
DA:444,3
DA:448,1
DA:449,1
DA:453,1
DA:454,0
DA:457,1
DA:458,1
DA:461,1
DA:462,1
DA:463,1
DA:464,1
DA:465,1
DA:466,1
DA:467,1
DA:468,1
DA:469,1
DA:470,1
DA:471,1
DA:472,1
DA:473,1
DA:474,1
DA:475,1
DA:476,1
DA:477,1
DA:478,1
DA:479,1
LF:272
LH:187
BRDA:11,1,0,18
BRDA:11,1,1,39
BRDA:18,2,0,48
BRDA:18,2,1,9
BRDA:25,3,0,7
BRDA:25,3,1,50
BRDA:25,4,0,57
BRDA:25,4,1,56
BRDA:25,4,2,54
BRDA:25,4,3,53
BRDA:35,5,0,0
BRDA:35,5,1,7
BRDA:35,6,0,7
BRDA:35,6,1,7
BRDA:41,7,0,1
BRDA:41,7,1,5
BRDA:45,8,0,5
BRDA:45,8,1,1
BRDA:54,9,0,0
BRDA:54,9,1,2
BRDA:64,10,0,1
BRDA:64,10,1,1
BRDA:78,11,0,0
BRDA:78,11,1,0
BRDA:92,12,0,0
BRDA:92,12,1,2
BRDA:108,13,0,0
BRDA:108,13,1,1
BRDA:108,14,0,1
BRDA:108,14,1,1
BRDA:120,15,0,0
BRDA:120,15,1,0
BRDA:120,16,0,0
BRDA:120,16,1,0
BRDA:125,17,0,0
BRDA:125,17,1,0
BRDA:128,18,0,0
BRDA:128,18,1,0
BRDA:138,19,0,1
BRDA:138,19,1,0
BRDA:138,20,0,1
BRDA:138,20,1,0
BRDA:147,21,0,0
BRDA:147,21,1,0
BRDA:147,22,0,0
BRDA:147,22,1,0
BRDA:179,23,0,0
BRDA:179,23,1,1
BRDA:184,24,0,1
BRDA:184,24,1,0
BRDA:187,25,0,1
BRDA:187,25,1,0
BRDA:193,26,0,1
BRDA:193,26,1,0
BRDA:198,27,0,0
BRDA:198,27,1,0
BRDA:212,28,0,0
BRDA:212,28,1,0
BRDA:228,29,0,4
BRDA:228,29,1,0
BRDA:231,30,0,0
BRDA:231,30,1,20
BRDA:231,31,0,20
BRDA:231,31,1,20
BRDA:234,32,0,5
BRDA:234,32,1,15
BRDA:242,33,0,0
BRDA:242,33,1,0
BRDA:253,34,0,0
BRDA:253,34,1,3
BRDA:275,35,0,3
BRDA:275,35,1,0
BRDA:303,36,0,0
BRDA:303,36,1,2
BRDA:313,37,0,0
BRDA:313,37,1,2
BRDA:313,38,0,2
BRDA:313,38,1,0
BRDA:315,39,0,0
BRDA:315,39,1,0
BRDA:330,40,0,0
BRDA:330,40,1,5
BRDA:330,41,0,5
BRDA:330,41,1,5
BRDA:352,42,0,0
BRDA:352,42,1,1
BRDA:365,43,0,3
BRDA:365,43,1,3
BRDA:373,44,0,1
BRDA:373,44,1,2
BRDA:382,45,0,3
BRDA:382,45,1,6
BRDA:382,46,0,9
BRDA:382,46,1,5
BRDA:382,46,2,3
BRDA:393,47,0,2
BRDA:393,47,1,2
BRDA:393,48,0,5
BRDA:393,48,1,2
BRDA:400,49,0,1
BRDA:400,49,1,1
BRDA:406,50,0,0
BRDA:406,50,1,0
BRDA:407,51,0,0
BRDA:407,51,1,0
BRDA:419,52,0,1
BRDA:419,52,1,3
BRDA:419,53,0,4
BRDA:419,53,1,4
BRDA:419,53,2,4
BRDA:419,53,3,3
BRDA:422,54,0,3
BRDA:422,54,1,0
BRF:113
BRH:67
end_of_record
TN:
SF:/Users/shay/WebstormProjects/test/node/cellphones/routes.js
FN:14,runit
FN:15,(anonymous_2)
FN:22,(anonymous_3)
FN:29,(anonymous_4)
FN:44,stepone
FN:45,(anonymous_6)
FN:59,steptwo
FN:60,(anonymous_8)
FN:71,stepthree
FN:72,(anonymous_10)
FN:83,stepfour
FN:84,(anonymous_12)
FN:96,checkcode
FN:98,(anonymous_14)
FN:117,(anonymous_15)
FN:158,createfile
FN:159,(anonymous_17)
FN:167,deletetest
FN:168,(anonymous_19)
FNF:19
FNH:0
FNDA:0,runit
FNDA:0,(anonymous_2)
FNDA:0,(anonymous_3)
FNDA:0,(anonymous_4)
FNDA:0,stepone
FNDA:0,(anonymous_6)
FNDA:0,steptwo
FNDA:0,(anonymous_8)
FNDA:0,stepthree
FNDA:0,(anonymous_10)
FNDA:0,stepfour
FNDA:0,(anonymous_12)
FNDA:0,checkcode
FNDA:0,(anonymous_14)
FNDA:0,(anonymous_15)
FNDA:0,createfile
FNDA:0,(anonymous_17)
FNDA:0,deletetest
FNDA:0,(anonymous_19)
DA:4,0
DA:6,0
DA:7,0
DA:10,0
DA:11,0
DA:12,0
DA:13,0
DA:16,1
DA:17,0
DA:18,0
DA:19,0
DA:22,0
DA:23,0
DA:25,0
DA:26,0
DA:27,0
DA:30,0
DA:31,0
DA:33,0
DA:34,0
DA:35,0
DA:38,0
DA:39,0
DA:49,1
DA:50,0
DA:51,0
DA:52,0
DA:53,0
DA:57,0
DA:58,0
DA:59,0
DA:60,0
DA:66,1
DA:67,0
DA:68,0
DA:69,0
DA:72,0
DA:73,0
DA:74,0
DA:81,1
DA:82,0
DA:83,0
DA:84,0
DA:87,0
DA:88,0
DA:89,0
DA:97,1
DA:98,0
DA:99,0
DA:100,0
DA:104,0
DA:105,0
DA:106,0
DA:111,1
DA:112,0
DA:113,0
DA:116,0
DA:117,0
DA:118,0
DA:119,0
DA:123,0
DA:124,0
DA:130,0
DA:131,0
DA:133,0
DA:134,0
DA:135,0
DA:138,0
DA:139,0
DA:140,0
DA:141,0
DA:142,0
DA:163,0
DA:164,0
DA:172,0
DA:176,1
DA:177,0
DA:178,0
DA:179,0
DA:182,0
DA:185,1
DA:186,0
DA:187,0
DA:188,0
DA:193,0
DA:194,0
DA:195,0
DA:196,0
DA:197,0
DA:198,0
DA:199,0
LF:91
LH:8
BRDA:16,1,0,0
BRDA:16,1,1,0
BRDA:23,2,0,0
BRDA:23,2,1,0
BRDA:30,3,0,0
BRDA:30,3,1,0
BRDA:46,4,0,0
BRDA:46,4,1,0
BRDA:61,5,0,0
BRDA:61,5,1,0
BRDA:73,6,0,0
BRDA:73,6,1,0
BRDA:85,7,0,0
BRDA:85,7,1,0
BRDA:101,8,0,0
BRDA:101,8,1,0
BRDA:118,9,0,0
BRDA:118,9,1,0
BRDA:160,10,0,0
BRDA:160,10,1,0
BRDA:169,11,0,0
BRDA:169,11,1,0
BRF:22
BRH:0
end_of_record
TN:
SF:/Users/shay/WebstormProjects/test/node/cellphones/tester.js
FN:15,checkcode
FN:16,(anonymous_2)
FN:20,(anonymous_3)
FN:22,(anonymous_4)
FN:24,(anonymous_5)
FN:34,(anonymous_6)
FN:38,(anonymous_7)
FN:42,(anonymous_8)
FN:43,(anonymous_9)
FN:56,(anonymous_10)
FN:62,(anonymous_11)
FN:72,(anonymous_12)
FN:80,(anonymous_13)
FNF:13
FNH:0
FNDA:0,checkcode
FNDA:0,(anonymous_2)
FNDA:0,(anonymous_3)
FNDA:0,(anonymous_4)
FNDA:0,(anonymous_5)
FNDA:0,(anonymous_6)
FNDA:0,(anonymous_7)
FNDA:0,(anonymous_8)
FNDA:0,(anonymous_9)
FNDA:0,(anonymous_10)
FNDA:0,(anonymous_11)
FNDA:0,(anonymous_12)
FNDA:0,(anonymous_13)
DA:6,0
DA:7,0
DA:8,0
DA:9,0
DA:10,0
DA:12,0
DA:14,1
DA:15,0
DA:17,0
DA:18,0
DA:20,0
DA:21,0
DA:22,0
DA:24,0
DA:25,0
DA:27,0
DA:31,0
DA:36,0
DA:37,0
DA:39,0
DA:40,0
DA:41,0
DA:42,0
DA:45,0
DA:46,0
DA:48,0
DA:49,0
DA:50,0
DA:51,0
DA:52,0
DA:55,0
DA:56,0
DA:59,0
DA:62,0
DA:63,0
DA:66,0
DA:70,0
DA:75,0
DA:78,0
DA:79,0
DA:82,0
DA:83,0
DA:88,0
DA:89,0
DA:90,0
DA:92,0
DA:97,0
LF:47
LH:1
BRDA:46,1,0,0
BRDA:46,1,1,0
BRDA:51,2,0,0
BRDA:51,2,1,0
BRDA:57,3,0,0
BRDA:57,3,1,0
BRDA:57,4,0,0
BRDA:57,4,1,0
BRF:8
BRH:0
end_of_record
