TN:
SF:/Users/shay/WebstormProjects/test/node/cellphones/func.js
FN:5,distance
FN:33,findclosestantenna
FN:52,phase1
FN:53,(anonymous_4)
FN:90,phase2
FN:91,(anonymous_6)
FN:141,find2antennasinrange
FN:153,findantennasforpoints
FN:184,copyarray
FN:193,findroute
FN:224,(anonymous_11)
FN:242,validantennasinrange
FN:267,phase3
FN:269,(anonymous_14)
FN:306,phase4initializepoint
FN:315,phase4
FN:318,(anonymous_17)
FN:381,isneighbour
FN:388,tryupdateorrelief
FN:396,findnextminimumpoint
FN:406,dijekstra
FN:422,routep1top2
FN:433,getminroute
FN:437,switchfunc
FNF:24
FNH:23
FNDA:70,distance
FNDA:4,findclosestantenna
FNDA:3,phase1
FNDA:3,(anonymous_4)
FNDA:2,phase2
FNDA:2,(anonymous_6)
FNDA:2,find2antennasinrange
FNDA:2,findantennasforpoints
FNDA:3,copyarray
FNDA:2,findroute
FNDA:0,(anonymous_11)
FNDA:5,validantennasinrange
FNDA:3,phase3
FNDA:3,(anonymous_14)
FNDA:4,phase4initializepoint
FNDA:3,phase4
FNDA:3,(anonymous_17)
FNDA:11,isneighbour
FNDA:6,tryupdateorrelief
FNDA:5,findnextminimumpoint
FNDA:5,dijekstra
FNDA:4,routep1top2
FNDA:2,getminroute
FNDA:2,switchfunc
DA:1,1
DA:2,1
DA:3,1
DA:5,1
DA:7,70
DA:8,70
DA:9,70
DA:10,70
DA:11,70
DA:12,24
DA:13,24
DA:16,46
DA:17,46
DA:19,70
DA:20,60
DA:21,60
DA:24,10
DA:25,10
DA:27,70
DA:28,7
DA:32,63
DA:37,1
DA:38,4
DA:39,11
DA:40,1
DA:43,10
DA:44,9
DA:45,9
DA:46,3
DA:47,3
DA:49,9
DA:50,7
DA:51,7
DA:56,1
DA:57,3
DA:58,3
DA:60,0
DA:61,0
DA:62,0
DA:66,3
DA:67,3
DA:68,3
DA:69,3
DA:70,1
DA:71,1
DA:72,1
DA:75,2
DA:76,2
DA:80,1
DA:81,0
DA:84,1
DA:85,1
DA:86,0
DA:89,0
DA:90,0
DA:91,0
DA:98,1
DA:99,2
DA:100,2
DA:102,0
DA:103,0
DA:104,0
DA:108,2
DA:110,2
DA:112,2
DA:113,2
DA:114,2
DA:115,2
DA:120,1
DA:122,0
DA:124,1
DA:125,0
DA:126,0
DA:128,1
DA:130,1
DA:131,1
DA:132,1
DA:135,0
DA:136,0
DA:139,0
DA:140,0
DA:142,0
DA:143,0
DA:144,0
DA:146,0
DA:147,0
DA:148,0
DA:154,1
DA:155,2
DA:156,2
DA:158,2
DA:159,1
DA:163,1
DA:166,1
DA:167,2
DA:168,1
DA:171,0
DA:174,1
DA:175,0
DA:179,0
DA:181,0
DA:184,0
DA:185,0
DA:187,0
DA:188,0
DA:194,1
DA:195,1
DA:197,1
DA:198,3
DA:199,3
DA:200,5
DA:202,3
DA:206,1
DA:208,2
DA:209,2
DA:210,1
DA:212,1
DA:214,1
DA:217,1
DA:219,1
DA:222,0
DA:224,1
DA:225,1
DA:226,1
DA:227,1
DA:229,0
DA:230,0
DA:232,0
DA:235,0
DA:238,0
DA:239,0
DA:242,0
DA:243,0
DA:244,0
DA:247,0
DA:248,0
DA:251,0
DA:254,0
DA:257,1
DA:258,5
DA:260,5
DA:261,5
DA:263,20
DA:264,0
DA:266,20
DA:267,5
DA:273,0
DA:274,0
DA:275,0
DA:279,5
DA:282,1
DA:284,3
DA:285,3
DA:287,0
DA:288,0
DA:289,0
DA:292,3
DA:293,3
DA:295,3
DA:296,3
DA:299,3
DA:301,3
DA:304,0
DA:305,0
DA:308,3
DA:309,3
DA:310,3
DA:311,2
DA:313,0
DA:314,0
DA:315,0
DA:317,0
DA:322,1
DA:323,4
DA:324,4
DA:325,4
DA:326,4
DA:327,4
DA:328,4
DA:329,4
DA:331,1
DA:334,3
DA:336,3
DA:338,0
DA:339,0
DA:340,0
DA:343,3
DA:345,3
DA:346,3
DA:347,0
DA:348,0
DA:349,0
DA:350,0
DA:353,0
DA:354,0
DA:355,0
DA:359,3
DA:360,3
DA:361,3
DA:363,3
DA:364,6
DA:365,0
DA:366,0
DA:368,6
DA:369,6
DA:370,6
DA:371,6
DA:372,6
DA:374,3
DA:375,3
DA:376,3
DA:377,3
DA:380,1
DA:382,0
DA:385,2
DA:387,2
DA:388,0
DA:389,0
DA:390,0
DA:393,2
DA:394,2
DA:401,1
DA:402,11
DA:403,5
DA:405,5
DA:408,1
DA:410,6
DA:411,1
DA:412,1
DA:413,1
DA:416,1
DA:417,5
DA:418,5
DA:419,13
DA:420,4
DA:423,5
DA:426,1
DA:427,5
DA:430,9
DA:431,4
DA:434,4
DA:436,4
DA:437,4
DA:438,2
DA:442,1
DA:443,4
DA:444,1
DA:446,3
DA:447,3
DA:448,3
DA:450,3
DA:454,1
DA:455,2
DA:458,1
DA:459,2
DA:463,1
DA:464,1
DA:465,1
DA:466,1
DA:467,1
DA:468,1
DA:469,1
DA:470,1
DA:471,1
DA:472,1
DA:473,1
DA:474,1
DA:475,1
DA:476,1
DA:477,1
DA:478,1
DA:479,1
DA:480,1
DA:481,1
DA:482,1
DA:483,1
LF:276
LH:201
BRDA:11,1,0,24
BRDA:11,1,1,46
BRDA:18,2,0,60
BRDA:18,2,1,10
BRDA:25,3,0,7
BRDA:25,3,1,63
BRDA:25,4,0,70
BRDA:25,4,1,69
BRDA:25,4,2,67
BRDA:25,4,3,66
BRDA:35,5,0,1
BRDA:35,5,1,10
BRDA:35,6,0,11
BRDA:35,6,1,10
BRDA:41,7,0,3
BRDA:41,7,1,6
BRDA:45,8,0,7
BRDA:45,8,1,2
BRDA:54,9,0,0
BRDA:54,9,1,3
BRDA:64,10,0,1
BRDA:64,10,1,2
BRDA:78,11,0,1
BRDA:78,11,1,0
BRDA:92,12,0,0
BRDA:92,12,1,2
BRDA:113,13,0,0
BRDA:113,13,1,1
BRDA:117,14,0,1
BRDA:117,14,1,0
BRDA:117,15,0,1
BRDA:117,15,1,0
BRDA:130,16,0,0
BRDA:130,16,1,0
BRDA:133,17,0,0
BRDA:133,17,1,0
BRDA:145,18,0,1
BRDA:145,18,1,1
BRDA:145,19,0,2
BRDA:145,19,1,1
BRDA:155,20,0,0
BRDA:155,20,1,1
BRDA:155,21,0,1
BRDA:155,21,1,1
BRDA:166,22,0,0
BRDA:166,22,1,0
BRDA:166,23,0,0
BRDA:166,23,1,0
BRDA:171,24,0,0
BRDA:171,24,1,0
BRDA:174,25,0,0
BRDA:174,25,1,0
BRDA:196,26,0,1
BRDA:196,26,1,1
BRDA:201,27,0,1
BRDA:201,27,1,0
BRDA:204,28,0,1
BRDA:204,28,1,0
BRDA:210,29,0,1
BRDA:210,29,1,0
BRDA:215,30,0,0
BRDA:215,30,1,0
BRDA:229,31,0,0
BRDA:229,31,1,0
BRDA:245,32,0,5
BRDA:245,32,1,0
BRDA:248,33,0,0
BRDA:248,33,1,20
BRDA:248,34,0,20
BRDA:248,34,1,20
BRDA:251,35,0,5
BRDA:251,35,1,15
BRDA:259,36,0,0
BRDA:259,36,1,0
BRDA:270,37,0,0
BRDA:270,37,1,3
BRDA:292,38,0,3
BRDA:292,38,1,0
BRDA:320,39,0,0
BRDA:320,39,1,3
BRDA:330,40,0,0
BRDA:330,40,1,3
BRDA:330,41,0,3
BRDA:330,41,1,0
BRDA:332,42,0,0
BRDA:332,42,1,0
BRDA:347,43,0,0
BRDA:347,43,1,6
BRDA:347,44,0,6
BRDA:347,44,1,6
BRDA:369,45,0,0
BRDA:369,45,1,2
BRDA:382,46,0,5
BRDA:382,46,1,5
BRDA:390,47,0,1
BRDA:390,47,1,4
BRDA:399,48,0,4
BRDA:399,48,1,9
BRDA:399,49,0,13
BRDA:399,49,1,6
BRDA:399,49,2,3
BRDA:410,50,0,4
BRDA:410,50,1,4
BRDA:410,51,0,9
BRDA:410,51,1,4
BRDA:417,52,0,2
BRDA:417,52,1,2
BRDA:423,53,0,1
BRDA:423,53,1,3
BRDA:423,54,0,4
BRDA:423,54,1,4
BRDA:423,54,2,4
BRDA:423,54,3,3
BRDA:426,55,0,3
BRDA:426,55,1,0
BRF:115
BRH:75
end_of_record
TN:
SF:/Users/shay/WebstormProjects/test/node/cellphones/routes.js
FN:14,runit
FN:15,(anonymous_2)
FN:22,(anonymous_3)
FN:29,(anonymous_4)
FN:44,stepone
FN:45,(anonymous_6)
FN:59,steptwo
FN:60,(anonymous_8)
FN:71,stepthree
FN:72,(anonymous_10)
FN:83,stepfour
FN:84,(anonymous_12)
FN:96,checkcode
FN:98,(anonymous_14)
FN:117,(anonymous_15)
FN:158,createfile
FN:159,(anonymous_17)
FN:167,deletetest
FN:168,(anonymous_19)
FNF:19
FNH:0
FNDA:0,runit
FNDA:0,(anonymous_2)
FNDA:0,(anonymous_3)
FNDA:0,(anonymous_4)
FNDA:0,stepone
FNDA:0,(anonymous_6)
FNDA:0,steptwo
FNDA:0,(anonymous_8)
FNDA:0,stepthree
FNDA:0,(anonymous_10)
FNDA:0,stepfour
FNDA:0,(anonymous_12)
FNDA:0,checkcode
FNDA:0,(anonymous_14)
FNDA:0,(anonymous_15)
FNDA:0,createfile
FNDA:0,(anonymous_17)
FNDA:0,deletetest
FNDA:0,(anonymous_19)
DA:4,0
DA:6,0
DA:7,0
DA:10,0
DA:11,0
DA:12,0
DA:13,0
DA:16,1
DA:17,0
DA:18,0
DA:19,0
DA:22,0
DA:23,0
DA:25,0
DA:26,0
DA:27,0
DA:30,0
DA:31,0
DA:33,0
DA:34,0
DA:35,0
DA:38,0
DA:39,0
DA:49,1
DA:50,0
DA:51,0
DA:52,0
DA:53,0
DA:57,0
DA:58,0
DA:59,0
DA:60,0
DA:66,1
DA:67,0
DA:68,0
DA:69,0
DA:72,0
DA:73,0
DA:74,0
DA:81,1
DA:82,0
DA:83,0
DA:84,0
DA:87,0
DA:88,0
DA:89,0
DA:97,1
DA:98,0
DA:99,0
DA:100,0
DA:104,0
DA:105,0
DA:106,0
DA:111,1
DA:112,0
DA:113,0
DA:116,0
DA:117,0
DA:118,0
DA:119,0
DA:123,0
DA:124,0
DA:130,0
DA:131,0
DA:133,0
DA:134,0
DA:135,0
DA:138,0
DA:139,0
DA:140,0
DA:141,0
DA:142,0
DA:163,0
DA:164,0
DA:172,0
DA:176,1
DA:177,0
DA:178,0
DA:179,0
DA:182,0
DA:185,1
DA:186,0
DA:187,0
DA:188,0
DA:193,0
DA:194,0
DA:195,0
DA:196,0
DA:197,0
DA:198,0
DA:199,0
LF:91
LH:8
BRDA:16,1,0,0
BRDA:16,1,1,0
BRDA:23,2,0,0
BRDA:23,2,1,0
BRDA:30,3,0,0
BRDA:30,3,1,0
BRDA:46,4,0,0
BRDA:46,4,1,0
BRDA:61,5,0,0
BRDA:61,5,1,0
BRDA:73,6,0,0
BRDA:73,6,1,0
BRDA:85,7,0,0
BRDA:85,7,1,0
BRDA:101,8,0,0
BRDA:101,8,1,0
BRDA:118,9,0,0
BRDA:118,9,1,0
BRDA:160,10,0,0
BRDA:160,10,1,0
BRDA:169,11,0,0
BRDA:169,11,1,0
BRF:22
BRH:0
end_of_record
TN:
SF:/Users/shay/WebstormProjects/test/node/cellphones/tester.js
FN:15,checkcode
FN:16,(anonymous_2)
FN:20,(anonymous_3)
FN:22,(anonymous_4)
FN:24,(anonymous_5)
FN:34,(anonymous_6)
FN:38,(anonymous_7)
FN:42,(anonymous_8)
FN:43,(anonymous_9)
FN:56,(anonymous_10)
FN:62,(anonymous_11)
FN:72,(anonymous_12)
FN:80,(anonymous_13)
FNF:13
FNH:0
FNDA:0,checkcode
FNDA:0,(anonymous_2)
FNDA:0,(anonymous_3)
FNDA:0,(anonymous_4)
FNDA:0,(anonymous_5)
FNDA:0,(anonymous_6)
FNDA:0,(anonymous_7)
FNDA:0,(anonymous_8)
FNDA:0,(anonymous_9)
FNDA:0,(anonymous_10)
FNDA:0,(anonymous_11)
FNDA:0,(anonymous_12)
FNDA:0,(anonymous_13)
DA:6,0
DA:7,0
DA:8,0
DA:9,0
DA:10,0
DA:12,0
DA:14,1
DA:15,0
DA:17,0
DA:18,0
DA:20,0
DA:21,0
DA:22,0
DA:24,0
DA:25,0
DA:27,0
DA:31,0
DA:36,0
DA:37,0
DA:39,0
DA:40,0
DA:41,0
DA:42,0
DA:45,0
DA:46,0
DA:48,0
DA:49,0
DA:50,0
DA:51,0
DA:52,0
DA:55,0
DA:56,0
DA:59,0
DA:62,0
DA:63,0
DA:66,0
DA:70,0
DA:75,0
DA:78,0
DA:79,0
DA:82,0
DA:83,0
DA:88,0
DA:89,0
DA:90,0
DA:92,0
DA:97,0
LF:47
LH:1
BRDA:46,1,0,0
BRDA:46,1,1,0
BRDA:51,2,0,0
BRDA:51,2,1,0
BRDA:57,3,0,0
BRDA:57,3,1,0
BRDA:57,4,0,0
BRDA:57,4,1,0
BRF:8
BRH:0
end_of_record
